<?xml version="1.0" encoding="UTF-8"?>
<testsuite name="com.kwan.bookrentalmanagement.ExampleUnitTest" tests="1" skipped="0" failures="0" errors="0" timestamp="2023-06-17T15:13:52" hostname="DESKTOP-2MNK1MB" time="0.004">
  <properties/>
  <testcase name="addition_isCorrect" classname="com.kwan.bookrentalmanagement.ExampleUnitTest" time="0.004"/>
  <system-out><![CDATA[]]></system-out>
  <system-err><![CDATA[]]></system-err>
</testsuite>
